execve("./nrustscan", ["./nrustscan"], 0x7fffd812bbb8 /* 80 vars */) = 0
brk(NULL)                               = 0x5f0124f6e000
mmap(NULL, 8192, PROT_READ|PROT_WRITE, MAP_PRIVATE|MAP_ANONYMOUS, -1, 0) = 0x72a12d987000
access("/etc/ld.so.preload", R_OK)      = -1 ENOENT (No such file or directory)
openat(AT_FDCWD, "/etc/ld.so.cache", O_RDONLY|O_CLOEXEC) = 10
fstat(10, {st_mode=S_IFREG|0644, st_size=185851, ...}) = 0
mmap(NULL, 185851, PROT_READ, MAP_PRIVATE, 10, 0) = 0x72a12d959000
close(10)                               = 0
openat(AT_FDCWD, "/lib/x86_64-linux-gnu/libatomic.so.1", O_RDONLY|O_CLOEXEC) = 10
read(10, "\177ELF\2\1\1\3\0\0\0\0\0\0\0\0\3\0>\0\1\0\0\0\0\0\0\0\0\0\0\0"..., 832) = 832
fstat(10, {st_mode=S_IFREG|0644, st_size=35120, ...}) = 0
mmap(NULL, 41096, PROT_READ, MAP_PRIVATE|MAP_DENYWRITE, 10, 0) = 0x72a12d94e000
mmap(0x72a12d950000, 16384, PROT_READ|PROT_EXEC, MAP_PRIVATE|MAP_FIXED|MAP_DENYWRITE, 10, 0x2000) = 0x72a12d950000
mmap(0x72a12d954000, 8192, PROT_READ, MAP_PRIVATE|MAP_FIXED|MAP_DENYWRITE, 10, 0x6000) = 0x72a12d954000
mmap(0x72a12d956000, 8192, PROT_READ|PROT_WRITE, MAP_PRIVATE|MAP_FIXED|MAP_DENYWRITE, 10, 0x7000) = 0x72a12d956000
mmap(0x72a12d958000, 136, PROT_READ|PROT_WRITE, MAP_PRIVATE|MAP_FIXED|MAP_ANONYMOUS, -1, 0) = 0x72a12d958000
close(10)                               = 0
openat(AT_FDCWD, "/lib/x86_64-linux-gnu/libstdc++.so.6", O_RDONLY|O_CLOEXEC) = 10
read(10, "\177ELF\2\1\1\3\0\0\0\0\0\0\0\0\3\0>\0\1\0\0\0\0\0\0\0\0\0\0\0"..., 832) = 832
fstat(10, {st_mode=S_IFREG|0644, st_size=2592224, ...}) = 0
mmap(NULL, 2609472, PROT_READ, MAP_PRIVATE|MAP_DENYWRITE, 10, 0) = 0x72a12d600000
mmap(0x72a12d69d000, 1343488, PROT_READ|PROT_EXEC, MAP_PRIVATE|MAP_FIXED|MAP_DENYWRITE, 10, 0x9d000) = 0x72a12d69d000
mmap(0x72a12d7e5000, 552960, PROT_READ, MAP_PRIVATE|MAP_FIXED|MAP_DENYWRITE, 10, 0x1e5000) = 0x72a12d7e5000
mmap(0x72a12d86c000, 57344, PROT_READ|PROT_WRITE, MAP_PRIVATE|MAP_FIXED|MAP_DENYWRITE, 10, 0x26b000) = 0x72a12d86c000
mmap(0x72a12d87a000, 12608, PROT_READ|PROT_WRITE, MAP_PRIVATE|MAP_FIXED|MAP_ANONYMOUS, -1, 0) = 0x72a12d87a000
close(10)                               = 0
openat(AT_FDCWD, "/lib/x86_64-linux-gnu/libm.so.6", O_RDONLY|O_CLOEXEC) = 10
read(10, "\177ELF\2\1\1\3\0\0\0\0\0\0\0\0\3\0>\0\1\0\0\0\0\0\0\0\0\0\0\0"..., 832) = 832
fstat(10, {st_mode=S_IFREG|0644, st_size=952616, ...}) = 0
mmap(NULL, 950296, PROT_READ, MAP_PRIVATE|MAP_DENYWRITE, 10, 0) = 0x72a12d517000
mmap(0x72a12d527000, 520192, PROT_READ|PROT_EXEC, MAP_PRIVATE|MAP_FIXED|MAP_DENYWRITE, 10, 0x10000) = 0x72a12d527000
mmap(0x72a12d5a6000, 360448, PROT_READ, MAP_PRIVATE|MAP_FIXED|MAP_DENYWRITE, 10, 0x8f000) = 0x72a12d5a6000
mmap(0x72a12d5fe000, 8192, PROT_READ|PROT_WRITE, MAP_PRIVATE|MAP_FIXED|MAP_DENYWRITE, 10, 0xe7000) = 0x72a12d5fe000
close(10)                               = 0
openat(AT_FDCWD, "/lib/x86_64-linux-gnu/libgcc_s.so.1", O_RDONLY|O_CLOEXEC) = 10
read(10, "\177ELF\2\1\1\0\0\0\0\0\0\0\0\0\3\0>\0\1\0\0\0\0\0\0\0\0\0\0\0"..., 832) = 832
fstat(10, {st_mode=S_IFREG|0644, st_size=183024, ...}) = 0
mmap(NULL, 185256, PROT_READ, MAP_PRIVATE|MAP_DENYWRITE, 10, 0) = 0x72a12d920000
mmap(0x72a12d924000, 147456, PROT_READ|PROT_EXEC, MAP_PRIVATE|MAP_FIXED|MAP_DENYWRITE, 10, 0x4000) = 0x72a12d924000
mmap(0x72a12d948000, 16384, PROT_READ, MAP_PRIVATE|MAP_FIXED|MAP_DENYWRITE, 10, 0x28000) = 0x72a12d948000
mmap(0x72a12d94c000, 8192, PROT_READ|PROT_WRITE, MAP_PRIVATE|MAP_FIXED|MAP_DENYWRITE, 10, 0x2b000) = 0x72a12d94c000
close(10)                               = 0
openat(AT_FDCWD, "/lib/x86_64-linux-gnu/libc.so.6", O_RDONLY|O_CLOEXEC) = 10
read(10, "\177ELF\2\1\1\3\0\0\0\0\0\0\0\0\3\0>\0\1\0\0\0\220\243\2\0\0\0\0\0"..., 832) = 832
pread64(10, "\6\0\0\0\4\0\0\0@\0\0\0\0\0\0\0@\0\0\0\0\0\0\0@\0\0\0\0\0\0\0"..., 784, 64) = 784
fstat(10, {st_mode=S_IFREG|0755, st_size=2125328, ...}) = 0
pread64(10, "\6\0\0\0\4\0\0\0@\0\0\0\0\0\0\0@\0\0\0\0\0\0\0@\0\0\0\0\0\0\0"..., 784, 64) = 784
mmap(NULL, 2170256, PROT_READ, MAP_PRIVATE|MAP_DENYWRITE, 10, 0) = 0x72a12d200000
mmap(0x72a12d228000, 1605632, PROT_READ|PROT_EXEC, MAP_PRIVATE|MAP_FIXED|MAP_DENYWRITE, 10, 0x28000) = 0x72a12d228000
mmap(0x72a12d3b0000, 323584, PROT_READ, MAP_PRIVATE|MAP_FIXED|MAP_DENYWRITE, 10, 0x1b0000) = 0x72a12d3b0000
mmap(0x72a12d3ff000, 24576, PROT_READ|PROT_WRITE, MAP_PRIVATE|MAP_FIXED|MAP_DENYWRITE, 10, 0x1fe000) = 0x72a12d3ff000
mmap(0x72a12d405000, 52624, PROT_READ|PROT_WRITE, MAP_PRIVATE|MAP_FIXED|MAP_ANONYMOUS, -1, 0) = 0x72a12d405000
close(10)                               = 0
mmap(NULL, 8192, PROT_READ|PROT_WRITE, MAP_PRIVATE|MAP_ANONYMOUS, -1, 0) = 0x72a12d91e000
mmap(NULL, 12288, PROT_READ|PROT_WRITE, MAP_PRIVATE|MAP_ANONYMOUS, -1, 0) = 0x72a12d91b000
arch_prctl(ARCH_SET_FS, 0x72a12d91b780) = 0
set_tid_address(0x72a12d91ba50)         = 1085461
set_robust_list(0x72a12d91ba60, 24)     = 0
rseq(0x72a12d91c0a0, 0x20, 0, 0x53053053) = 0
mprotect(0x72a12d3ff000, 16384, PROT_READ) = 0
mprotect(0x72a12d94c000, 4096, PROT_READ) = 0
mprotect(0x72a12d5fe000, 4096, PROT_READ) = 0
mprotect(0x72a12d86c000, 45056, PROT_READ) = 0
mprotect(0x72a12d956000, 4096, PROT_READ) = 0
mprotect(0x5f0121bfb000, 4096, PROT_READ) = 0
mprotect(0x72a12d9c7000, 8192, PROT_READ) = 0
prlimit64(0, RLIMIT_STACK, NULL, {rlim_cur=8192*1024, rlim_max=RLIM64_INFINITY}) = 0
munmap(0x72a12d959000, 185851)          = 0
futex(0x72a12d87a7bc, FUTEX_WAKE_PRIVATE, 2147483647) = 0
getrandom("\x74\x8b\x41\x9c\xb4\x84\x6d\xa5", 8, GRND_NONBLOCK) = 8
brk(NULL)                               = 0x5f0124f6e000
brk(0x5f0124f8f000)                     = 0x5f0124f8f000
mmap(NULL, 4194304, PROT_READ|PROT_WRITE, MAP_PRIVATE|MAP_ANONYMOUS, -1, 0) = 0x72a12ce00000
mmap(NULL, 143360, PROT_READ|PROT_WRITE, MAP_PRIVATE|MAP_ANONYMOUS, -1, 0) = 0x72a12d964000
fstat(3, {st_mode=S_IFREG|0644, st_size=10822192, ...}) = 0
fstat(4, {st_mode=S_IFREG|0644, st_size=715208, ...}) = 0
fstat(5, {st_mode=S_IFSOCK|0777, st_size=0, ...}) = 0
fstat(3, {st_mode=S_IFREG|0644, st_size=10822192, ...}) = 0
dup(3)                                  = 10
fcntl(10, F_GETFL)                      = 0x8000 (flags O_RDONLY|O_LARGEFILE)
fstat(4, {st_mode=S_IFREG|0644, st_size=715208, ...}) = 0
dup(4)                                  = 11
fcntl(11, F_GETFL)                      = 0x8000 (flags O_RDONLY|O_LARGEFILE)
fstat(5, {st_mode=S_IFSOCK|0777, st_size=0, ...}) = 0
dup(5)                                  = 13
fcntl(13, F_GETFL)                      = 0x2 (flags O_RDWR)
write(1, "Starting nrustscan...", 21Starting nrustscan...)   = 21
write(1, "\n", 1
)                       = 1
write(1, "Target IP: 127.0.0.1\n", 21Target IP: 127.0.0.1
)  = 21
mmap(NULL, 266240, PROT_READ|PROT_WRITE, MAP_PRIVATE|MAP_ANONYMOUS, -1, 0) = 0x72a12d8da000
brk(0x5f0124fb9000)                     = 0x5f0124fb9000
rt_sigaction(SIGRT_1, {sa_handler=0x72a12d299530, sa_mask=[], sa_flags=SA_RESTORER|SA_ONSTACK|SA_RESTART|SA_SIGINFO, sa_restorer=0x72a12d245330}, NULL, 8) = 0
rt_sigprocmask(SIG_UNBLOCK, [RTMIN RT_1], NULL, 8) = 0
mmap(NULL, 8392704, PROT_NONE, MAP_PRIVATE|MAP_ANONYMOUS|MAP_STACK, -1, 0) = 0x72a12c5ff000
mprotect(0x72a12c600000, 8388608, PROT_READ|PROT_WRITE) = 0
rt_sigprocmask(SIG_BLOCK, ~[], [], 8)   = 0
clone3({flags=CLONE_VM|CLONE_FS|CLONE_FILES|CLONE_SIGHAND|CLONE_THREAD|CLONE_SYSVSEM|CLONE_SETTLS|CLONE_PARENT_SETTID|CLONE_CHILD_CLEARTID, child_tid=0x72a12cdff990, parent_tid=0x72a12cdff990, exit_signal=0, stack=0x72a12c5ff000, stack_size=0x7fff40, tls=0x72a12cdff6c0}strace: Process 1085462 attached
 => {parent_tid=[1085462]}, 88) = 1085462
[pid 1085461] rt_sigprocmask(SIG_SETMASK, [], NULL, 8) = 0
[pid 1085461] mmap(NULL, 8392704, PROT_NONE, MAP_PRIVATE|MAP_ANONYMOUS|MAP_STACK, -1, 0 <unfinished ...>
[pid 1085462] rseq(0x72a12cdfffe0, 0x20, 0, 0x53053053 <unfinished ...>
[pid 1085461] <... mmap resumed>)       = 0x72a12bdfe000
[pid 1085462] <... rseq resumed>)       = 0
[pid 1085461] mprotect(0x72a12bdff000, 8388608, PROT_READ|PROT_WRITE <unfinished ...>
[pid 1085462] set_robust_list(0x72a12cdff9a0, 24 <unfinished ...>
[pid 1085461] <... mprotect resumed>)   = 0
[pid 1085462] <... set_robust_list resumed>) = 0
[pid 1085462] rt_sigprocmask(SIG_SETMASK, [],  <unfinished ...>
[pid 1085461] rt_sigprocmask(SIG_BLOCK, ~[],  <unfinished ...>
[pid 1085462] <... rt_sigprocmask resumed>NULL, 8) = 0
[pid 1085461] <... rt_sigprocmask resumed>[], 8) = 0
[pid 1085462] futex(0x5f0124f98a58, FUTEX_WAIT_BITSET_PRIVATE|FUTEX_CLOCK_REALTIME, 0, NULL, FUTEX_BITSET_MATCH_ANY <unfinished ...>
[pid 1085461] clone3({flags=CLONE_VM|CLONE_FS|CLONE_FILES|CLONE_SIGHAND|CLONE_THREAD|CLONE_SYSVSEM|CLONE_SETTLS|CLONE_PARENT_SETTID|CLONE_CHILD_CLEARTID, child_tid=0x72a12c5fe990, parent_tid=0x72a12c5fe990, exit_signal=0, stack=0x72a12bdfe000, stack_size=0x7fff40, tls=0x72a12c5fe6c0} => {parent_tid=[1085463]}, 88) = 1085463
[pid 1085461] rt_sigprocmask(SIG_SETMASK, [], strace: Process 1085463 attached
NULL, 8) = 0
[pid 1085461] mmap(NULL, 8392704, PROT_NONE, MAP_PRIVATE|MAP_ANONYMOUS|MAP_STACK, -1, 0) = 0x72a12b5fd000
[pid 1085463] rseq(0x72a12c5fefe0, 0x20, 0, 0x53053053 <unfinished ...>
[pid 1085461] mprotect(0x72a12b5fe000, 8388608, PROT_READ|PROT_WRITE <unfinished ...>
[pid 1085463] <... rseq resumed>)       = 0
[pid 1085461] <... mprotect resumed>)   = 0
[pid 1085463] set_robust_list(0x72a12c5fe9a0, 24 <unfinished ...>
[pid 1085461] rt_sigprocmask(SIG_BLOCK, ~[],  <unfinished ...>
[pid 1085463] <... set_robust_list resumed>) = 0
[pid 1085461] <... rt_sigprocmask resumed>[], 8) = 0
[pid 1085463] rt_sigprocmask(SIG_SETMASK, [],  <unfinished ...>
[pid 1085461] clone3({flags=CLONE_VM|CLONE_FS|CLONE_FILES|CLONE_SIGHAND|CLONE_THREAD|CLONE_SYSVSEM|CLONE_SETTLS|CLONE_PARENT_SETTID|CLONE_CHILD_CLEARTID, child_tid=0x72a12bdfd990, parent_tid=0x72a12bdfd990, exit_signal=0, stack=0x72a12b5fd000, stack_size=0x7fff40, tls=0x72a12bdfd6c0} <unfinished ...>
[pid 1085463] <... rt_sigprocmask resumed>NULL, 8) = 0
[pid 1085463] futex(0x5f0124f98a58, FUTEX_WAIT_BITSET_PRIVATE|FUTEX_CLOCK_REALTIME, 0, NULL, FUTEX_BITSET_MATCH_ANYstrace: Process 1085464 attached
 <unfinished ...>
[pid 1085461] <... clone3 resumed> => {parent_tid=[1085464]}, 88) = 1085464
[pid 1085461] rt_sigprocmask(SIG_SETMASK, [],  <unfinished ...>
[pid 1085464] rseq(0x72a12bdfdfe0, 0x20, 0, 0x53053053 <unfinished ...>
[pid 1085461] <... rt_sigprocmask resumed>NULL, 8) = 0
[pid 1085464] <... rseq resumed>)       = 0
[pid 1085461] mmap(NULL, 8392704, PROT_NONE, MAP_PRIVATE|MAP_ANONYMOUS|MAP_STACK, -1, 0 <unfinished ...>
[pid 1085464] set_robust_list(0x72a12bdfd9a0, 24 <unfinished ...>
[pid 1085461] <... mmap resumed>)       = 0x72a12adfc000
[pid 1085464] <... set_robust_list resumed>) = 0
[pid 1085461] mprotect(0x72a12adfd000, 8388608, PROT_READ|PROT_WRITE <unfinished ...>
[pid 1085464] rt_sigprocmask(SIG_SETMASK, [],  <unfinished ...>
[pid 1085461] <... mprotect resumed>)   = 0
[pid 1085464] <... rt_sigprocmask resumed>NULL, 8) = 0
[pid 1085461] rt_sigprocmask(SIG_BLOCK, ~[],  <unfinished ...>
[pid 1085464] futex(0x5f0124f98a58, FUTEX_WAIT_BITSET_PRIVATE|FUTEX_CLOCK_REALTIME, 0, NULL, FUTEX_BITSET_MATCH_ANY <unfinished ...>
[pid 1085461] <... rt_sigprocmask resumed>[], 8) = 0
[pid 1085461] clone3({flags=CLONE_VM|CLONE_FS|CLONE_FILES|CLONE_SIGHAND|CLONE_THREAD|CLONE_SYSVSEM|CLONE_SETTLS|CLONE_PARENT_SETTID|CLONE_CHILD_CLEARTID, child_tid=0x72a12b5fc990, parent_tid=0x72a12b5fc990, exit_signal=0, stack=0x72a12adfc000, stack_size=0x7fff40, tls=0x72a12b5fc6c0}strace: Process 1085465 attached
 => {parent_tid=[1085465]}, 88) = 1085465
[pid 1085465] rseq(0x72a12b5fcfe0, 0x20, 0, 0x53053053 <unfinished ...>
[pid 1085461] rt_sigprocmask(SIG_SETMASK, [],  <unfinished ...>
[pid 1085465] <... rseq resumed>)       = 0
[pid 1085461] <... rt_sigprocmask resumed>NULL, 8) = 0
[pid 1085461] write(1, "Dispatching tasks...", 20 <unfinished ...>
Dispatching tasks...[pid 1085465] set_robust_list(0x72a12b5fc9a0, 24 <unfinished ...>
[pid 1085461] <... write resumed>)      = 20
[pid 1085465] <... set_robust_list resumed>) = 0
[pid 1085461] write(1, "\n", 1
 <unfinished ...>
[pid 1085465] rt_sigprocmask(SIG_SETMASK, [],  <unfinished ...>
[pid 1085461] <... write resumed>)      = 1
[pid 1085465] <... rt_sigprocmask resumed>NULL, 8) = 0
[pid 1085461] futex(0x5f0124f98a58, FUTEX_WAKE_PRIVATE, 1) = 1
[pid 1085465] futex(0x5f0124f98a08, FUTEX_WAIT_PRIVATE, 2, NULL <unfinished ...>
[pid 1085461] futex(0x5f0124f98a08, FUTEX_WAKE_PRIVATE, 1 <unfinished ...>
[pid 1085462] <... futex resumed>)      = 0
[pid 1085461] <... futex resumed>)      = 0
[pid 1085465] <... futex resumed>)      = -1 EAGAIN (Resource temporarily unavailable)
[pid 1085461] futex(0x5f0124f98a08, FUTEX_WAIT_PRIVATE, 2, NULL <unfinished ...>
[pid 1085462] futex(0x5f0124f98a08, FUTEX_WAKE_PRIVATE, 1 <unfinished ...>
[pid 1085461] <... futex resumed>)      = -1 EAGAIN (Resource temporarily unavailable)
[pid 1085465] futex(0x5f0124f98a08, FUTEX_WAKE_PRIVATE, 1 <unfinished ...>
[pid 1085461] futex(0x5f0124f98a58, FUTEX_WAKE_PRIVATE, 1 <unfinished ...>
[pid 1085462] <... futex resumed>)      = 0
[pid 1085461] <... futex resumed>)      = 1
[pid 1085465] <... futex resumed>)      = 0
[pid 1085461] futex(0x5f0124f98a08, FUTEX_WAKE_PRIVATE, 1 <unfinished ...>
[pid 1085463] <... futex resumed>)      = 0
[pid 1085462] --- SIGSEGV {si_signo=SIGSEGV, si_code=SEGV_MAPERR, si_addr=0x81} ---
[pid 1085461] <... futex resumed>)      = 0
[pid 1085465] ???()                     = ?
[pid 1085464] <... futex resumed>)      = ?
[pid 1085465] +++ killed by SIGSEGV (core dumped) +++
[pid 1085464] +++ killed by SIGSEGV (core dumped) +++
[pid 1085462] +++ killed by SIGSEGV (core dumped) +++
[pid 1085463] +++ killed by SIGSEGV (core dumped) +++
+++ killed by SIGSEGV (core dumped) +++
