execve("./nrustscan", ["./nrustscan"], 0x7ffe1e87cfc0 /* 80 vars */) = 0
brk(NULL)                               = 0x6474340b6000
mmap(NULL, 8192, PROT_READ|PROT_WRITE, MAP_PRIVATE|MAP_ANONYMOUS, -1, 0) = 0x7180e634f000
access("/etc/ld.so.preload", R_OK)      = -1 ENOENT (No such file or directory)
openat(AT_FDCWD, "/etc/ld.so.cache", O_RDONLY|O_CLOEXEC) = 10
fstat(10, {st_mode=S_IFREG|0644, st_size=185851, ...}) = 0
mmap(NULL, 185851, PROT_READ, MAP_PRIVATE, 10, 0) = 0x7180e6321000
close(10)                               = 0
openat(AT_FDCWD, "/lib/x86_64-linux-gnu/libatomic.so.1", O_RDONLY|O_CLOEXEC) = 10
read(10, "\177ELF\2\1\1\3\0\0\0\0\0\0\0\0\3\0>\0\1\0\0\0\0\0\0\0\0\0\0\0"..., 832) = 832
fstat(10, {st_mode=S_IFREG|0644, st_size=35120, ...}) = 0
mmap(NULL, 41096, PROT_READ, MAP_PRIVATE|MAP_DENYWRITE, 10, 0) = 0x7180e6316000
mmap(0x7180e6318000, 16384, PROT_READ|PROT_EXEC, MAP_PRIVATE|MAP_FIXED|MAP_DENYWRITE, 10, 0x2000) = 0x7180e6318000
mmap(0x7180e631c000, 8192, PROT_READ, MAP_PRIVATE|MAP_FIXED|MAP_DENYWRITE, 10, 0x6000) = 0x7180e631c000
mmap(0x7180e631e000, 8192, PROT_READ|PROT_WRITE, MAP_PRIVATE|MAP_FIXED|MAP_DENYWRITE, 10, 0x7000) = 0x7180e631e000
mmap(0x7180e6320000, 136, PROT_READ|PROT_WRITE, MAP_PRIVATE|MAP_FIXED|MAP_ANONYMOUS, -1, 0) = 0x7180e6320000
close(10)                               = 0
openat(AT_FDCWD, "/lib/x86_64-linux-gnu/libstdc++.so.6", O_RDONLY|O_CLOEXEC) = 10
read(10, "\177ELF\2\1\1\3\0\0\0\0\0\0\0\0\3\0>\0\1\0\0\0\0\0\0\0\0\0\0\0"..., 832) = 832
fstat(10, {st_mode=S_IFREG|0644, st_size=2592224, ...}) = 0
mmap(NULL, 2609472, PROT_READ, MAP_PRIVATE|MAP_DENYWRITE, 10, 0) = 0x7180e6000000
mmap(0x7180e609d000, 1343488, PROT_READ|PROT_EXEC, MAP_PRIVATE|MAP_FIXED|MAP_DENYWRITE, 10, 0x9d000) = 0x7180e609d000
mmap(0x7180e61e5000, 552960, PROT_READ, MAP_PRIVATE|MAP_FIXED|MAP_DENYWRITE, 10, 0x1e5000) = 0x7180e61e5000
mmap(0x7180e626c000, 57344, PROT_READ|PROT_WRITE, MAP_PRIVATE|MAP_FIXED|MAP_DENYWRITE, 10, 0x26b000) = 0x7180e626c000
mmap(0x7180e627a000, 12608, PROT_READ|PROT_WRITE, MAP_PRIVATE|MAP_FIXED|MAP_ANONYMOUS, -1, 0) = 0x7180e627a000
close(10)                               = 0
openat(AT_FDCWD, "/lib/x86_64-linux-gnu/libm.so.6", O_RDONLY|O_CLOEXEC) = 10
read(10, "\177ELF\2\1\1\3\0\0\0\0\0\0\0\0\3\0>\0\1\0\0\0\0\0\0\0\0\0\0\0"..., 832) = 832
fstat(10, {st_mode=S_IFREG|0644, st_size=952616, ...}) = 0
mmap(NULL, 950296, PROT_READ, MAP_PRIVATE|MAP_DENYWRITE, 10, 0) = 0x7180e5f17000
mmap(0x7180e5f27000, 520192, PROT_READ|PROT_EXEC, MAP_PRIVATE|MAP_FIXED|MAP_DENYWRITE, 10, 0x10000) = 0x7180e5f27000
mmap(0x7180e5fa6000, 360448, PROT_READ, MAP_PRIVATE|MAP_FIXED|MAP_DENYWRITE, 10, 0x8f000) = 0x7180e5fa6000
mmap(0x7180e5ffe000, 8192, PROT_READ|PROT_WRITE, MAP_PRIVATE|MAP_FIXED|MAP_DENYWRITE, 10, 0xe7000) = 0x7180e5ffe000
close(10)                               = 0
openat(AT_FDCWD, "/lib/x86_64-linux-gnu/libgcc_s.so.1", O_RDONLY|O_CLOEXEC) = 10
read(10, "\177ELF\2\1\1\0\0\0\0\0\0\0\0\0\3\0>\0\1\0\0\0\0\0\0\0\0\0\0\0"..., 832) = 832
fstat(10, {st_mode=S_IFREG|0644, st_size=183024, ...}) = 0
mmap(NULL, 185256, PROT_READ, MAP_PRIVATE|MAP_DENYWRITE, 10, 0) = 0x7180e62e8000
mmap(0x7180e62ec000, 147456, PROT_READ|PROT_EXEC, MAP_PRIVATE|MAP_FIXED|MAP_DENYWRITE, 10, 0x4000) = 0x7180e62ec000
mmap(0x7180e6310000, 16384, PROT_READ, MAP_PRIVATE|MAP_FIXED|MAP_DENYWRITE, 10, 0x28000) = 0x7180e6310000
mmap(0x7180e6314000, 8192, PROT_READ|PROT_WRITE, MAP_PRIVATE|MAP_FIXED|MAP_DENYWRITE, 10, 0x2b000) = 0x7180e6314000
close(10)                               = 0
openat(AT_FDCWD, "/lib/x86_64-linux-gnu/libc.so.6", O_RDONLY|O_CLOEXEC) = 10
read(10, "\177ELF\2\1\1\3\0\0\0\0\0\0\0\0\3\0>\0\1\0\0\0\220\243\2\0\0\0\0\0"..., 832) = 832
pread64(10, "\6\0\0\0\4\0\0\0@\0\0\0\0\0\0\0@\0\0\0\0\0\0\0@\0\0\0\0\0\0\0"..., 784, 64) = 784
fstat(10, {st_mode=S_IFREG|0755, st_size=2125328, ...}) = 0
pread64(10, "\6\0\0\0\4\0\0\0@\0\0\0\0\0\0\0@\0\0\0\0\0\0\0@\0\0\0\0\0\0\0"..., 784, 64) = 784
mmap(NULL, 2170256, PROT_READ, MAP_PRIVATE|MAP_DENYWRITE, 10, 0) = 0x7180e5c00000
mmap(0x7180e5c28000, 1605632, PROT_READ|PROT_EXEC, MAP_PRIVATE|MAP_FIXED|MAP_DENYWRITE, 10, 0x28000) = 0x7180e5c28000
mmap(0x7180e5db0000, 323584, PROT_READ, MAP_PRIVATE|MAP_FIXED|MAP_DENYWRITE, 10, 0x1b0000) = 0x7180e5db0000
mmap(0x7180e5dff000, 24576, PROT_READ|PROT_WRITE, MAP_PRIVATE|MAP_FIXED|MAP_DENYWRITE, 10, 0x1fe000) = 0x7180e5dff000
mmap(0x7180e5e05000, 52624, PROT_READ|PROT_WRITE, MAP_PRIVATE|MAP_FIXED|MAP_ANONYMOUS, -1, 0) = 0x7180e5e05000
close(10)                               = 0
mmap(NULL, 8192, PROT_READ|PROT_WRITE, MAP_PRIVATE|MAP_ANONYMOUS, -1, 0) = 0x7180e62e6000
mmap(NULL, 12288, PROT_READ|PROT_WRITE, MAP_PRIVATE|MAP_ANONYMOUS, -1, 0) = 0x7180e62e3000
arch_prctl(ARCH_SET_FS, 0x7180e62e3780) = 0
set_tid_address(0x7180e62e3a50)         = 1085361
set_robust_list(0x7180e62e3a60, 24)     = 0
rseq(0x7180e62e40a0, 0x20, 0, 0x53053053) = 0
mprotect(0x7180e5dff000, 16384, PROT_READ) = 0
mprotect(0x7180e6314000, 4096, PROT_READ) = 0
mprotect(0x7180e5ffe000, 4096, PROT_READ) = 0
mprotect(0x7180e626c000, 45056, PROT_READ) = 0
mprotect(0x7180e631e000, 4096, PROT_READ) = 0
mprotect(0x6474016b3000, 4096, PROT_READ) = 0
mprotect(0x7180e638f000, 8192, PROT_READ) = 0
prlimit64(0, RLIMIT_STACK, NULL, {rlim_cur=8192*1024, rlim_max=RLIM64_INFINITY}) = 0
munmap(0x7180e6321000, 185851)          = 0
futex(0x7180e627a7bc, FUTEX_WAKE_PRIVATE, 2147483647) = 0
getrandom("\x39\xf5\xfb\x95\x03\xb4\x5f\x7b", 8, GRND_NONBLOCK) = 8
brk(NULL)                               = 0x6474340b6000
brk(0x6474340d7000)                     = 0x6474340d7000
mmap(NULL, 4194304, PROT_READ|PROT_WRITE, MAP_PRIVATE|MAP_ANONYMOUS, -1, 0) = 0x7180e5800000
mmap(NULL, 143360, PROT_READ|PROT_WRITE, MAP_PRIVATE|MAP_ANONYMOUS, -1, 0) = 0x7180e632c000
fstat(3, {st_mode=S_IFREG|0644, st_size=10822192, ...}) = 0
fstat(4, {st_mode=S_IFREG|0644, st_size=715208, ...}) = 0
fstat(5, {st_mode=S_IFSOCK|0777, st_size=0, ...}) = 0
fstat(3, {st_mode=S_IFREG|0644, st_size=10822192, ...}) = 0
dup(3)                                  = 10
fcntl(10, F_GETFL)                      = 0x8000 (flags O_RDONLY|O_LARGEFILE)
fstat(4, {st_mode=S_IFREG|0644, st_size=715208, ...}) = 0
dup(4)                                  = 11
fcntl(11, F_GETFL)                      = 0x8000 (flags O_RDONLY|O_LARGEFILE)
fstat(5, {st_mode=S_IFSOCK|0777, st_size=0, ...}) = 0
dup(5)                                  = 13
fcntl(13, F_GETFL)                      = 0x2 (flags O_RDWR)
write(1, "Starting nrustscan...", 21Starting nrustscan...)   = 21
write(1, "\n", 1
)                       = 1
write(1, "Target IP: 127.0.0.1\n", 21Target IP: 127.0.0.1
)  = 21
mmap(NULL, 266240, PROT_READ|PROT_WRITE, MAP_PRIVATE|MAP_ANONYMOUS, -1, 0) = 0x7180e62a2000
brk(0x647434101000)                     = 0x647434101000
rt_sigaction(SIGRT_1, {sa_handler=0x7180e5c99530, sa_mask=[], sa_flags=SA_RESTORER|SA_ONSTACK|SA_RESTART|SA_SIGINFO, sa_restorer=0x7180e5c45330}, NULL, 8) = 0
rt_sigprocmask(SIG_UNBLOCK, [RTMIN RT_1], NULL, 8) = 0
mmap(NULL, 8392704, PROT_NONE, MAP_PRIVATE|MAP_ANONYMOUS|MAP_STACK, -1, 0) = 0x7180e4fff000
mprotect(0x7180e5000000, 8388608, PROT_READ|PROT_WRITE) = 0
rt_sigprocmask(SIG_BLOCK, ~[], [], 8)   = 0
clone3({flags=CLONE_VM|CLONE_FS|CLONE_FILES|CLONE_SIGHAND|CLONE_THREAD|CLONE_SYSVSEM|CLONE_SETTLS|CLONE_PARENT_SETTID|CLONE_CHILD_CLEARTID, child_tid=0x7180e57ff990, parent_tid=0x7180e57ff990, exit_signal=0, stack=0x7180e4fff000, stack_size=0x7fff40, tls=0x7180e57ff6c0} => {parent_tid=[1085362]}, 88) = 1085362
rt_sigprocmask(SIG_SETMASK, [], NULL, 8) = 0
mmap(NULL, 8392704, PROT_NONE, MAP_PRIVATE|MAP_ANONYMOUS|MAP_STACK, -1, 0) = 0x7180e47fe000
mprotect(0x7180e47ff000, 8388608, PROT_READ|PROT_WRITE) = 0
rt_sigprocmask(SIG_BLOCK, ~[], [], 8)   = 0
clone3({flags=CLONE_VM|CLONE_FS|CLONE_FILES|CLONE_SIGHAND|CLONE_THREAD|CLONE_SYSVSEM|CLONE_SETTLS|CLONE_PARENT_SETTID|CLONE_CHILD_CLEARTID, child_tid=0x7180e4ffe990, parent_tid=0x7180e4ffe990, exit_signal=0, stack=0x7180e47fe000, stack_size=0x7fff40, tls=0x7180e4ffe6c0} => {parent_tid=[1085363]}, 88) = 1085363
rt_sigprocmask(SIG_SETMASK, [], NULL, 8) = 0
mmap(NULL, 8392704, PROT_NONE, MAP_PRIVATE|MAP_ANONYMOUS|MAP_STACK, -1, 0) = 0x7180e3ffd000
mprotect(0x7180e3ffe000, 8388608, PROT_READ|PROT_WRITE) = 0
rt_sigprocmask(SIG_BLOCK, ~[], [], 8)   = 0
clone3({flags=CLONE_VM|CLONE_FS|CLONE_FILES|CLONE_SIGHAND|CLONE_THREAD|CLONE_SYSVSEM|CLONE_SETTLS|CLONE_PARENT_SETTID|CLONE_CHILD_CLEARTID, child_tid=0x7180e47fd990, parent_tid=0x7180e47fd990, exit_signal=0, stack=0x7180e3ffd000, stack_size=0x7fff40, tls=0x7180e47fd6c0} => {parent_tid=[1085364]}, 88) = 1085364
rt_sigprocmask(SIG_SETMASK, [], NULL, 8) = 0
mmap(NULL, 8392704, PROT_NONE, MAP_PRIVATE|MAP_ANONYMOUS|MAP_STACK, -1, 0) = 0x7180e37fc000
mprotect(0x7180e37fd000, 8388608, PROT_READ|PROT_WRITE) = 0
rt_sigprocmask(SIG_BLOCK, ~[], [], 8)   = 0
clone3({flags=CLONE_VM|CLONE_FS|CLONE_FILES|CLONE_SIGHAND|CLONE_THREAD|CLONE_SYSVSEM|CLONE_SETTLS|CLONE_PARENT_SETTID|CLONE_CHILD_CLEARTID, child_tid=0x7180e3ffc990, parent_tid=0x7180e3ffc990, exit_signal=0, stack=0x7180e37fc000, stack_size=0x7fff40, tls=0x7180e3ffc6c0} => {parent_tid=[1085365]}, 88) = 1085365
rt_sigprocmask(SIG_SETMASK, [], NULL, 8) = 0
write(1, "Dispatching tasks...", 20Dispatching tasks...)    = 20
write(1, "\n", 1
)                       = 1
futex(0x6474340e0a58, FUTEX_WAKE_PRIVATE, 1) = 1
futex(0x6474340e0a08, FUTEX_WAKE_PRIVATE, 1) = 1
futex(0x6474340e0a58, FUTEX_WAKE_PRIVATE, 1) = ?
+++ killed by SIGSEGV (core dumped) +++
